
Building the following deliveries: isp-applets

Building dataflash-applet on at91sam7a3-ek/at91sam7a3/gnu/sram
	make clean BOARD=at91sam7a3-ek CHIP=at91sam7a3 sram

Building dataflash-applet on at91sam7se-ek/at91sam7se256/gnu/sdram
	make clean BOARD=at91sam7se-ek CHIP=at91sam7se256 sdram

Building dataflash-applet on at91sam7se-ek/at91sam7se32/gnu/sdram
	make clean BOARD=at91sam7se-ek CHIP=at91sam7se32 sdram

Building dataflash-applet on at91sam7se-ek/at91sam7se512/gnu/sdram
	make clean BOARD=at91sam7se-ek CHIP=at91sam7se512 sdram

Building dataflash-applet on at91sam7x-ek/at91sam7x128/gnu/sram
	make clean BOARD=at91sam7x-ek CHIP=at91sam7x128 sram

Building dataflash-applet on at91sam7x-ek/at91sam7x256/gnu/sram
	make clean BOARD=at91sam7x-ek CHIP=at91sam7x256 sram

Building dataflash-applet on at91sam7x-ek/at91sam7x512/gnu/sram
	make clean BOARD=at91sam7x-ek CHIP=at91sam7x512 sram

Building dataflash-applet on at91sam9260-ek/at91sam9260/gnu/sdram
	make clean BOARD=at91sam9260-ek CHIP=at91sam9260 sdram

Building dataflash-applet on at91sam9261-ek/at91sam9261/gnu/sdram
	make clean BOARD=at91sam9261-ek CHIP=at91sam9261 sdram

Building dataflash-applet on at91sam9263-ek/at91sam9263/gnu/sdram
	make clean BOARD=at91sam9263-ek CHIP=at91sam9263 sdram

Building dataflash-applet on at91sam9g10-ek/at91sam9g10/gnu/sdram
	make clean BOARD=at91sam9g10-ek CHIP=at91sam9g10 sdram

Building dataflash-applet on at91sam9g20-ek/at91sam9g20/gnu/sdram
	make clean BOARD=at91sam9g20-ek CHIP=at91sam9g20 sdram

Building dataflash-applet on at91sam9g45-ek/at91sam9g45/gnu/sram
	make clean BOARD=at91sam9g45-ek CHIP=at91sam9g45 sram

Building dataflash-applet on at91sam9m10-ek/at91sam9m10/gnu/sram
	make clean BOARD=at91sam9m10-ek CHIP=at91sam9m10 sram

Building dataflash-applet on at91sam9rl-ek/at91sam9rl64/gnu/sdram
	make clean BOARD=at91sam9rl-ek CHIP=at91sam9rl64 sdram

Building dataflash-applet on at91sam9xe-ek/at91sam9xe128/gnu/sdram
	make clean BOARD=at91sam9xe-ek CHIP=at91sam9xe128 sdram

Building dataflash-applet on at91sam9xe-ek/at91sam9xe256/gnu/sdram
	make clean BOARD=at91sam9xe-ek CHIP=at91sam9xe256 sdram

Building dataflash-applet on at91sam9xe-ek/at91sam9xe512/gnu/sdram
	make clean BOARD=at91sam9xe-ek CHIP=at91sam9xe512 sdram

Building dataflash-applet on at91cap9-dk/at91cap9/gnu/sdram
	make clean BOARD=at91cap9-dk CHIP=at91cap9 sdram

Building dataflash-applet on at91cap9-stk/at91cap9/gnu/sdram
	make clean BOARD=at91cap9-stk CHIP=at91cap9 sdram

Building eeprom-applet on at91sam7a3-ek/at91sam7a3/gnu/sram
	make clean BOARD=at91sam7a3-ek CHIP=at91sam7a3 sram

Building eeprom-applet on at91sam7s-ek/at91sam7s128/gnu/sram
	make clean BOARD=at91sam7s-ek CHIP=at91sam7s128 sram

Building eeprom-applet on at91sam7s-ek/at91sam7s256/gnu/sram
	make clean BOARD=at91sam7s-ek CHIP=at91sam7s256 sram

Building eeprom-applet on at91sam7s-ek/at91sam7s512/gnu/sram
	make clean BOARD=at91sam7s-ek CHIP=at91sam7s512 sram

Building eeprom-applet on at91sam7s-ek/at91sam7s64/gnu/sram
	make clean BOARD=at91sam7s-ek CHIP=at91sam7s64 sram

Building eeprom-applet on at91sam7se-ek/at91sam7se256/gnu/sram
	make clean BOARD=at91sam7se-ek CHIP=at91sam7se256 sram

Building eeprom-applet on at91sam7se-ek/at91sam7se32/gnu/sram
	make clean BOARD=at91sam7se-ek CHIP=at91sam7se32 sram

Building eeprom-applet on at91sam7se-ek/at91sam7se512/gnu/sram
	make clean BOARD=at91sam7se-ek CHIP=at91sam7se512 sram

Building eeprom-applet on at91sam7x-ek/at91sam7x128/gnu/sram
	make clean BOARD=at91sam7x-ek CHIP=at91sam7x128 sram

Building eeprom-applet on at91sam7x-ek/at91sam7x256/gnu/sram
	make clean BOARD=at91sam7x-ek CHIP=at91sam7x256 sram

Building eeprom-applet on at91sam7x-ek/at91sam7x512/gnu/sram
	make clean BOARD=at91sam7x-ek CHIP=at91sam7x512 sram

Building eeprom-applet on at91sam9260-ek/at91sam9260/gnu/sram
	make clean BOARD=at91sam9260-ek CHIP=at91sam9260 sram

Building eeprom-applet on at91sam9261-ek/at91sam9261/gnu/sram
	make clean BOARD=at91sam9261-ek CHIP=at91sam9261 sram

Building eeprom-applet on at91sam9263-ek/at91sam9263/gnu/sram
	make clean BOARD=at91sam9263-ek CHIP=at91sam9263 sram

Building eeprom-applet on at91sam9g10-ek/at91sam9g10/gnu/sram
	make clean BOARD=at91sam9g10-ek CHIP=at91sam9g10 sram

Building eeprom-applet on at91sam9g20-ek/at91sam9g20/gnu/sram
	make clean BOARD=at91sam9g20-ek CHIP=at91sam9g20 sram

Building eeprom-applet on at91sam9g45-ek/at91sam9g45/gnu/sram
	make clean BOARD=at91sam9g45-ek CHIP=at91sam9g45 sram

Building eeprom-applet on at91sam9m10-ek/at91sam9m10/gnu/sram
	make clean BOARD=at91sam9m10-ek CHIP=at91sam9m10 sram

Building eeprom-applet on at91sam9rl-ek/at91sam9rl64/gnu/sram
	make clean BOARD=at91sam9rl-ek CHIP=at91sam9rl64 sram

Building eeprom-applet on at91sam9xe-ek/at91sam9xe128/gnu/sram
	make clean BOARD=at91sam9xe-ek CHIP=at91sam9xe128 sram

Building eeprom-applet on at91sam9xe-ek/at91sam9xe256/gnu/sram
	make clean BOARD=at91sam9xe-ek CHIP=at91sam9xe256 sram

Building eeprom-applet on at91sam9xe-ek/at91sam9xe512/gnu/sram
	make clean BOARD=at91sam9xe-ek CHIP=at91sam9xe512 sram

Building eeprom-applet on at91cap9-dk/at91cap9/gnu/sram
	make clean BOARD=at91cap9-dk CHIP=at91cap9 sram

Building eeprom-applet on at91cap9-stk/at91cap9/gnu/sram
	make clean BOARD=at91cap9-stk CHIP=at91cap9 sram

Building extram-applet on at91sam3u-ek/at91sam3u4/gnu/sram
	make clean BOARD=at91sam3u-ek CHIP=at91sam3u4 sram

Building extram-applet on at91sam7se-ek/at91sam7se256/gnu/sram
	make clean BOARD=at91sam7se-ek CHIP=at91sam7se256 sram

Building extram-applet on at91sam7se-ek/at91sam7se32/gnu/sram
	make clean BOARD=at91sam7se-ek CHIP=at91sam7se32 sram

Building extram-applet on at91sam7se-ek/at91sam7se512/gnu/sram
	make clean BOARD=at91sam7se-ek CHIP=at91sam7se512 sram

Building extram-applet on at91sam9260-ek/at91sam9260/gnu/sram
	make clean BOARD=at91sam9260-ek CHIP=at91sam9260 sram

Building extram-applet on at91sam9261-ek/at91sam9261/gnu/sram
	make clean BOARD=at91sam9261-ek CHIP=at91sam9261 sram

Building extram-applet on at91sam9263-ek/at91sam9263/gnu/sram
	make clean BOARD=at91sam9263-ek CHIP=at91sam9263 sram

Building extram-applet on at91sam9g10-ek/at91sam9g10/gnu/sram
	make clean BOARD=at91sam9g10-ek CHIP=at91sam9g10 sram

Building extram-applet on at91sam9g20-ek/at91sam9g20/gnu/sram
	make clean BOARD=at91sam9g20-ek CHIP=at91sam9g20 sram

Building extram-applet on at91sam9g45-ek/at91sam9g45/gnu/sram
	make clean BOARD=at91sam9g45-ek CHIP=at91sam9g45 sram

Building extram-applet on at91sam9m10-ek/at91sam9m10/gnu/sram
	make clean BOARD=at91sam9m10-ek CHIP=at91sam9m10 sram

Building extram-applet on at91sam9rl-ek/at91sam9rl64/gnu/sram
	make clean BOARD=at91sam9rl-ek CHIP=at91sam9rl64 sram

Building extram-applet on at91sam9xe-ek/at91sam9xe128/gnu/sram
	make clean BOARD=at91sam9xe-ek CHIP=at91sam9xe128 sram

Building extram-applet on at91sam9xe-ek/at91sam9xe256/gnu/sram
	make clean BOARD=at91sam9xe-ek CHIP=at91sam9xe256 sram

Building extram-applet on at91sam9xe-ek/at91sam9xe512/gnu/sram
	make clean BOARD=at91sam9xe-ek CHIP=at91sam9xe512 sram

Building extram-applet on at91cap9-dk/at91cap9/gnu/sram
	make clean BOARD=at91cap9-dk CHIP=at91cap9 sram

Building extram-applet on at91cap9-stk/at91cap9/gnu/sram
	make clean BOARD=at91cap9-stk CHIP=at91cap9 sram

Building flash-applet on at91sam3u-ek/at91sam3u4/gnu/sram
	make clean BOARD=at91sam3u-ek CHIP=at91sam3u4 sram

Building flash-applet on at91sam7a3-ek/at91sam7a3/gnu/sram
	make clean BOARD=at91sam7a3-ek CHIP=at91sam7a3 sram

Building flash-applet on at91sam7l-ek/at91sam7l128/gnu/sram
	make clean BOARD=at91sam7l-ek CHIP=at91sam7l128 sram

Building flash-applet on at91sam7l-ek/at91sam7l64/gnu/sram
	make clean BOARD=at91sam7l-ek CHIP=at91sam7l64 sram

Building flash-applet on at91sam7s-ek/at91sam7s128/gnu/sram
	make clean BOARD=at91sam7s-ek CHIP=at91sam7s128 sram

Building flash-applet on at91sam7s-ek/at91sam7s256/gnu/sram
	make clean BOARD=at91sam7s-ek CHIP=at91sam7s256 sram

Building flash-applet on at91sam7s-ek/at91sam7s32/gnu/sram
	make clean BOARD=at91sam7s-ek CHIP=at91sam7s32 sram

Building flash-applet on at91sam7s-ek/at91sam7s321/gnu/sram
	make clean BOARD=at91sam7s-ek CHIP=at91sam7s321 sram

Building flash-applet on at91sam7s-ek/at91sam7s512/gnu/sram
	make clean BOARD=at91sam7s-ek CHIP=at91sam7s512 sram

Building flash-applet on at91sam7s-ek/at91sam7s64/gnu/sram
	make clean BOARD=at91sam7s-ek CHIP=at91sam7s64 sram

Building flash-applet on at91sam7se-ek/at91sam7se256/gnu/sram
	make clean BOARD=at91sam7se-ek CHIP=at91sam7se256 sram

Building flash-applet on at91sam7se-ek/at91sam7se32/gnu/sram
	make clean BOARD=at91sam7se-ek CHIP=at91sam7se32 sram

Building flash-applet on at91sam7se-ek/at91sam7se512/gnu/sram
	make clean BOARD=at91sam7se-ek CHIP=at91sam7se512 sram

Building flash-applet on at91sam7sl-stk/at91sam7sl16/gnu/sram
	make clean BOARD=at91sam7sl-stk CHIP=at91sam7sl16 sram

Building flash-applet on at91sam7sl-stk/at91sam7sl32/gnu/sram
	make clean BOARD=at91sam7sl-stk CHIP=at91sam7sl32 sram

Building flash-applet on at91sam7sl-stk/at91sam7sl64/gnu/sram
	make clean BOARD=at91sam7sl-stk CHIP=at91sam7sl64 sram

Building flash-applet on at91sam7x-ek/at91sam7x128/gnu/sram
	make clean BOARD=at91sam7x-ek CHIP=at91sam7x128 sram

Building flash-applet on at91sam7x-ek/at91sam7x256/gnu/sram
	make clean BOARD=at91sam7x-ek CHIP=at91sam7x256 sram

Building flash-applet on at91sam7x-ek/at91sam7x512/gnu/sram
	make clean BOARD=at91sam7x-ek CHIP=at91sam7x512 sram

Building flash-applet on at91sam9xe-ek/at91sam9xe128/gnu/sram
	make clean BOARD=at91sam9xe-ek CHIP=at91sam9xe128 sram

Building flash-applet on at91sam9xe-ek/at91sam9xe256/gnu/sram
	make clean BOARD=at91sam9xe-ek CHIP=at91sam9xe256 sram

Building flash-applet on at91sam9xe-ek/at91sam9xe512/gnu/sram
	make clean BOARD=at91sam9xe-ek CHIP=at91sam9xe512 sram

Building nandflash-applet on at91sam3u-ek/at91sam3u4/gnu/psram
	make clean BOARD=at91sam3u-ek CHIP=at91sam3u4 psram

Building nandflash-applet on at91sam7se-ek/at91sam7se256/gnu/sdram
	make clean BOARD=at91sam7se-ek CHIP=at91sam7se256 sdram

Building nandflash-applet on at91sam7se-ek/at91sam7se32/gnu/sdram
	make clean BOARD=at91sam7se-ek CHIP=at91sam7se32 sdram

Building nandflash-applet on at91sam7se-ek/at91sam7se512/gnu/sdram
	make clean BOARD=at91sam7se-ek CHIP=at91sam7se512 sdram

Building nandflash-applet on at91sam9260-ek/at91sam9260/gnu/sdram
	make clean BOARD=at91sam9260-ek CHIP=at91sam9260 sdram

Building nandflash-applet on at91sam9261-ek/at91sam9261/gnu/sdram
	make clean BOARD=at91sam9261-ek CHIP=at91sam9261 sdram

Building nandflash-applet on at91sam9263-ek/at91sam9263/gnu/sdram
	make clean BOARD=at91sam9263-ek CHIP=at91sam9263 sdram

Building nandflash-applet on at91sam9g10-ek/at91sam9g10/gnu/sdram
	make clean BOARD=at91sam9g10-ek CHIP=at91sam9g10 sdram

Building nandflash-applet on at91sam9g20-ek/at91sam9g20/gnu/sdram
	make clean BOARD=at91sam9g20-ek CHIP=at91sam9g20 sdram

Building nandflash-applet on at91sam9g45-ek/at91sam9g45/gnu/ddram
	make clean BOARD=at91sam9g45-ek CHIP=at91sam9g45 ddram

Building nandflash-applet on at91sam9m10-ek/at91sam9m10/gnu/ddram
	make clean BOARD=at91sam9m10-ek CHIP=at91sam9m10 ddram

Building nandflash-applet on at91sam9rl-ek/at91sam9rl64/gnu/sdram
	make clean BOARD=at91sam9rl-ek CHIP=at91sam9rl64 sdram

Building nandflash-applet on at91sam9xe-ek/at91sam9xe128/gnu/sdram
	make clean BOARD=at91sam9xe-ek CHIP=at91sam9xe128 sdram

Building nandflash-applet on at91sam9xe-ek/at91sam9xe256/gnu/sdram
	make clean BOARD=at91sam9xe-ek CHIP=at91sam9xe256 sdram

Building nandflash-applet on at91sam9xe-ek/at91sam9xe512/gnu/sdram
	make clean BOARD=at91sam9xe-ek CHIP=at91sam9xe512 sdram

Building nandflash-applet on at91cap9-dk/at91cap9/gnu/sdram
	make clean BOARD=at91cap9-dk CHIP=at91cap9 sdram

Building nandflash-applet on at91cap9-stk/at91cap9/gnu/sdram
	make clean BOARD=at91cap9-stk CHIP=at91cap9 sdram

Building norflash-applet on at91sam7se-ek/at91sam7se256/gnu/sdram
	make clean BOARD=at91sam7se-ek CHIP=at91sam7se256 sdram

Building norflash-applet on at91sam7se-ek/at91sam7se32/gnu/sdram
	make clean BOARD=at91sam7se-ek CHIP=at91sam7se32 sdram

Building norflash-applet on at91sam7se-ek/at91sam7se512/gnu/sdram
	make clean BOARD=at91sam7se-ek CHIP=at91sam7se512 sdram

Building norflash-applet on at91sam9260-ek/at91sam9260/gnu/sdram
	make clean BOARD=at91sam9260-ek CHIP=at91sam9260 sdram

Building norflash-applet on at91sam9261-ek/at91sam9261/gnu/sdram
	make clean BOARD=at91sam9261-ek CHIP=at91sam9261 sdram

Building norflash-applet on at91sam9263-ek/at91sam9263/gnu/sdram
	make clean BOARD=at91sam9263-ek CHIP=at91sam9263 sdram

Building norflash-applet on at91sam9g10-ek/at91sam9g10/gnu/sdram
	make clean BOARD=at91sam9g10-ek CHIP=at91sam9g10 sdram

Building norflash-applet on at91sam9g20-ek/at91sam9g20/gnu/sdram
	make clean BOARD=at91sam9g20-ek CHIP=at91sam9g20 sdram

Building norflash-applet on at91sam9g45-ek/at91sam9g45/gnu/ddram
	make clean BOARD=at91sam9g45-ek CHIP=at91sam9g45 ddram

Building norflash-applet on at91sam9m10-ek/at91sam9m10/gnu/ddram
	make clean BOARD=at91sam9m10-ek CHIP=at91sam9m10 ddram

Building norflash-applet on at91sam9rl-ek/at91sam9rl64/gnu/sdram
	make clean BOARD=at91sam9rl-ek CHIP=at91sam9rl64 sdram

Building norflash-applet on at91sam9xe-ek/at91sam9xe128/gnu/sdram
	make clean BOARD=at91sam9xe-ek CHIP=at91sam9xe128 sdram

Building norflash-applet on at91sam9xe-ek/at91sam9xe256/gnu/sdram
	make clean BOARD=at91sam9xe-ek CHIP=at91sam9xe256 sdram

Building norflash-applet on at91sam9xe-ek/at91sam9xe512/gnu/sdram
	make clean BOARD=at91sam9xe-ek CHIP=at91sam9xe512 sdram

Building norflash-applet on at91cap9-dk/at91cap9/gnu/sdram
	make clean BOARD=at91cap9-dk CHIP=at91cap9 sdram

Building serialflash-applet on at91sam7a3-ek/at91sam7a3/gnu/sram
	make clean BOARD=at91sam7a3-ek CHIP=at91sam7a3 sram

Building serialflash-applet on at91sam7se-ek/at91sam7se256/gnu/sdram
	make clean BOARD=at91sam7se-ek CHIP=at91sam7se256 sdram

Building serialflash-applet on at91sam7se-ek/at91sam7se32/gnu/sdram
	make clean BOARD=at91sam7se-ek CHIP=at91sam7se32 sdram

Building serialflash-applet on at91sam7se-ek/at91sam7se512/gnu/sdram
	make clean BOARD=at91sam7se-ek CHIP=at91sam7se512 sdram

Building serialflash-applet on at91sam7x-ek/at91sam7x128/gnu/sram
	make clean BOARD=at91sam7x-ek CHIP=at91sam7x128 sram

Building serialflash-applet on at91sam7x-ek/at91sam7x256/gnu/sram
	make clean BOARD=at91sam7x-ek CHIP=at91sam7x256 sram

Building serialflash-applet on at91sam7x-ek/at91sam7x512/gnu/sram
	make clean BOARD=at91sam7x-ek CHIP=at91sam7x512 sram

Building serialflash-applet on at91sam9260-ek/at91sam9260/gnu/sdram
	make clean BOARD=at91sam9260-ek CHIP=at91sam9260 sdram

Building serialflash-applet on at91sam9261-ek/at91sam9261/gnu/sdram
	make clean BOARD=at91sam9261-ek CHIP=at91sam9261 sdram

Building serialflash-applet on at91sam9263-ek/at91sam9263/gnu/sdram
	make clean BOARD=at91sam9263-ek CHIP=at91sam9263 sdram

Building serialflash-applet on at91sam9g10-ek/at91sam9g10/gnu/sdram
	make clean BOARD=at91sam9g10-ek CHIP=at91sam9g10 sdram

Building serialflash-applet on at91sam9g20-ek/at91sam9g20/gnu/sdram
	make clean BOARD=at91sam9g20-ek CHIP=at91sam9g20 sdram

Building serialflash-applet on at91sam9g45-ek/at91sam9g45/gnu/sram
	make clean BOARD=at91sam9g45-ek CHIP=at91sam9g45 sram

Building serialflash-applet on at91sam9m10-ek/at91sam9m10/gnu/sram
	make clean BOARD=at91sam9m10-ek CHIP=at91sam9m10 sram

Building serialflash-applet on at91sam9rl-ek/at91sam9rl64/gnu/sdram
	make clean BOARD=at91sam9rl-ek CHIP=at91sam9rl64 sdram

Building serialflash-applet on at91sam9xe-ek/at91sam9xe128/gnu/sdram
	make clean BOARD=at91sam9xe-ek CHIP=at91sam9xe128 sdram

Building serialflash-applet on at91sam9xe-ek/at91sam9xe256/gnu/sdram
	make clean BOARD=at91sam9xe-ek CHIP=at91sam9xe256 sdram

Building serialflash-applet on at91sam9xe-ek/at91sam9xe512/gnu/sdram
	make clean BOARD=at91sam9xe-ek CHIP=at91sam9xe512 sdram

Building serialflash-applet on at91cap9-dk/at91cap9/gnu/sdram
	make clean BOARD=at91cap9-dk CHIP=at91cap9 sdram
